<?xml version="1.0" encoding="UTF-8"?>
<!-- Generated by org.testng.reporters.JUnitReportReporter -->
<testsuite hostname="DESKTOP-O0MVKKI" failures="0" tests="1" name="driverFactory.AppTest" time="32.513" errors="0" timestamp="2023-03-07T10:16:23 IST" skipped="0">
  <testcase classname="driverFactory.AppTest" name="kickStart" time="32.513"/>
  <system-out/>
</testsuite> <!-- driverFactory.AppTest -->
